# JRE version: Java(TM) SE Runtime Environment (8.0_25-b18) (build 1.8.0_25-b18)
# Java VM: Java HotSpot(TM) 64-Bit Server VM (25.25-b02 mixed mode windows-amd64 compressed oops)
Heap:
 PSYoungGen      total 53760K, used 18402K [0x00000007bc400000, 0x00000007c0000000, 0x00000007c0000000)
  eden space 46592K, 32% used [0x00000007bc400000,0x00000007bd2bc218,0x00000007bf180000)
  from space 7168K, 46% used [0x00000007bf180000,0x00000007bf4bc668,0x00000007bf880000)
  to   space 7168K, 0% used [0x00000007bf900000,0x00000007bf900000,0x00000007c0000000)
 ParOldGen       total 115200K, used 54575K [0x0000000700000000, 0x0000000707080000, 0x00000007bc400000)
  object space 115200K, 47% used [0x0000000700000000,0x000000070354be88,0x0000000707080000)
 Metaspace       used 56920K, capacity 57265K, committed 57984K, reserved 1099776K
  class space    used 7892K, capacity 7979K, committed 8064K, reserved 1048576K
GC Heap History (10 events):
Event: 2512.617 GC heap before
{Heap before GC invocations=198 (full 7):
 PSYoungGen      total 53248K, used 46189K [0x00000007bc400000, 0x00000007c0000000, 0x00000007c0000000)
  eden space 45056K, 100% used [0x00000007bc400000,0x00000007bf000000,0x00000007bf000000)
  from space 8192K, 13% used [0x00000007bf800000,0x00000007bf91b5c8,0x00000007c0000000)
  to   space 8192K, 0% used [0x00000007bf000000,0x00000007bf000000,0x00000007bf800000)
 ParOldGen       total 115200K, used 54567K [0x0000000700000000, 0x0000000707080000, 0x00000007bc400000)
  object space 115200K, 47% used [0x0000000700000000,0x0000000703549e88,0x0000000707080000)
 Metaspace       used 56861K, capacity 57265K, committed 57984K, reserved 1099776K
  class space    used 7892K, capacity 7979K, committed 8064K, reserved 1048576K
Event: 2512.620 GC heap after
Heap after GC invocations=198 (full 7):
 PSYoungGen      total 53248K, used 1133K [0x00000007bc400000, 0x00000007c0000000, 0x00000007c0000000)
  eden space 45056K, 0% used [0x00000007bc400000,0x00000007bc400000,0x00000007bf000000)
  from space 8192K, 13% used [0x00000007bf000000,0x00000007bf11b5c8,0x00000007bf800000)
  to   space 8192K, 0% used [0x00000007bf800000,0x00000007bf800000,0x00000007c0000000)
 ParOldGen       total 115200K, used 54567K [0x0000000700000000, 0x0000000707080000, 0x00000007bc400000)
  object space 115200K, 47% used [0x0000000700000000,0x0000000703549e88,0x0000000707080000)
 Metaspace       used 56861K, capacity 57265K, committed 57984K, reserved 1099776K
  class space    used 7892K, capacity 7979K, committed 8064K, reserved 1048576K
}
Event: 2512.837 GC heap before
{Heap before GC invocations=199 (full 7):
 PSYoungGen      total 53248K, used 46189K [0x00000007bc400000, 0x00000007c0000000, 0x00000007c0000000)
  eden space 45056K, 100% used [0x00000007bc400000,0x00000007bf000000,0x00000007bf000000)
  from space 8192K, 13% used [0x00000007bf000000,0x00000007bf11b5c8,0x00000007bf800000)
  to   space 8192K, 0% used [0x00000007bf800000,0x00000007bf800000,0x00000007c0000000)
 ParOldGen       total 115200K, used 54567K [0x0000000700000000, 0x0000000707080000, 0x00000007bc400000)
  object space 115200K, 47% used [0x0000000700000000,0x0000000703549e88,0x0000000707080000)
 Metaspace       used 56861K, capacity 57265K, committed 57984K, reserved 1099776K
  class space    used 7892K, capacity 7979K, committed 8064K, reserved 1048576K
Event: 2512.840 GC heap after
Heap after GC invocations=199 (full 7):
 PSYoungGen      total 53248K, used 1197K [0x00000007bc400000, 0x00000007c0000000, 0x00000007c0000000)
  eden space 45056K, 0% used [0x00000007bc400000,0x00000007bc400000,0x00000007bf000000)
  from space 8192K, 14% used [0x00000007bf800000,0x00000007bf92b5c8,0x00000007c0000000)
  to   space 8192K, 0% used [0x00000007bf000000,0x00000007bf000000,0x00000007bf800000)
 ParOldGen       total 115200K, used 54567K [0x0000000700000000, 0x0000000707080000, 0x00000007bc400000)
  object space 115200K, 47% used [0x0000000700000000,0x0000000703549e88,0x0000000707080000)
 Metaspace       used 56861K, capacity 57265K, committed 57984K, reserved 1099776K
  class space    used 7892K, capacity 7979K, committed 8064K, reserved 1048576K
}
Event: 2514.092 GC heap before
{Heap before GC invocations=200 (full 7):
 PSYoungGen      total 53248K, used 46253K [0x00000007bc400000, 0x00000007c0000000, 0x00000007c0000000)
  eden space 45056K, 100% used [0x00000007bc400000,0x00000007bf000000,0x00000007bf000000)
  from space 8192K, 14% used [0x00000007bf800000,0x00000007bf92b5c8,0x00000007c0000000)
  to   space 8192K, 0% used [0x00000007bf000000,0x00000007bf000000,0x00000007bf800000)
 ParOldGen       total 115200K, used 54567K [0x0000000700000000, 0x0000000707080000, 0x00000007bc400000)
  object space 115200K, 47% used [0x0000000700000000,0x0000000703549e88,0x0000000707080000)
 Metaspace       used 56880K, capacity 57265K, committed 57984K, reserved 1099776K
  class space    used 7892K, capacity 7979K, committed 8064K, reserved 1048576K
Event: 2514.095 GC heap after
Heap after GC invocations=200 (full 7):
 PSYoungGen      total 53248K, used 1771K [0x00000007bc400000, 0x00000007c0000000, 0x00000007c0000000)
  eden space 45056K, 0% used [0x00000007bc400000,0x00000007bc400000,0x00000007bf000000)
  from space 8192K, 21% used [0x00000007bf000000,0x00000007bf1bafc8,0x00000007bf800000)
  to   space 7680K, 0% used [0x00000007bf880000,0x00000007bf880000,0x00000007c0000000)
 ParOldGen       total 115200K, used 54575K [0x0000000700000000, 0x0000000707080000, 0x00000007bc400000)
  object space 115200K, 47% used [0x0000000700000000,0x000000070354be88,0x0000000707080000)
 Metaspace       used 56880K, capacity 57265K, committed 57984K, reserved 1099776K
  class space    used 7892K, capacity 7979K, committed 8064K, reserved 1048576K
}
Event: 2515.698 GC heap before
{Heap before GC invocations=201 (full 7):
 PSYoungGen      total 53248K, used 46827K [0x00000007bc400000, 0x00000007c0000000, 0x00000007c0000000)
  eden space 45056K, 100% used [0x00000007bc400000,0x00000007bf000000,0x00000007bf000000)
  from space 8192K, 21% used [0x00000007bf000000,0x00000007bf1bafc8,0x00000007bf800000)
  to   space 7680K, 0% used [0x00000007bf880000,0x00000007bf880000,0x00000007c0000000)
 ParOldGen       total 115200K, used 54575K [0x0000000700000000, 0x0000000707080000, 0x00000007bc400000)
  object space 115200K, 47% used [0x0000000700000000,0x000000070354be88,0x0000000707080000)
 Metaspace       used 56894K, capacity 57265K, committed 57984K, reserved 1099776K
  class space    used 7892K, capacity 7979K, committed 8064K, reserved 1048576K
Event: 2515.704 GC heap after
Heap after GC invocations=201 (full 7):
 PSYoungGen      total 54272K, used 2936K [0x00000007bc400000, 0x00000007c0000000, 0x00000007c0000000)
  eden space 46592K, 0% used [0x00000007bc400000,0x00000007bc400000,0x00000007bf180000)
  from space 7680K, 38% used [0x00000007bf880000,0x00000007bfb5e0f8,0x00000007c0000000)
  to   space 7168K, 0% used [0x00000007bf180000,0x00000007bf180000,0x00000007bf880000)
 ParOldGen       total 115200K, used 54575K [0x0000000700000000, 0x0000000707080000, 0x00000007bc400000)
  object space 115200K, 47% used [0x0000000700000000,0x000000070354be88,0x0000000707080000)
 Metaspace       used 56894K, capacity 57265K, committed 57984K, reserved 1099776K
  class space    used 7892K, capacity 7979K, committed 8064K, reserved 1048576K
}
Event: 2557.187 GC heap before
{Heap before GC invocations=202 (full 7):
 PSYoungGen      total 54272K, used 49528K [0x00000007bc400000, 0x00000007c0000000, 0x00000007c0000000)
  eden space 46592K, 100% used [0x00000007bc400000,0x00000007bf180000,0x00000007bf180000)
  from space 7680K, 38% used [0x00000007bf880000,0x00000007bfb5e0f8,0x00000007c0000000)
  to   space 7168K, 0% used [0x00000007bf180000,0x00000007bf180000,0x00000007bf880000)
 ParOldGen       total 115200K, used 54575K [0x0000000700000000, 0x0000000707080000, 0x00000007bc400000)
  object space 115200K, 47% used [0x0000000700000000,0x000000070354be88,0x0000000707080000)
 Metaspace       used 56912K, capacity 57265K, committed 57984K, reserved 1099776K
  class space    used 7892K, capacity 7979K, committed 8064K, reserved 1048576K
Event: 2557.199 GC heap after
Heap after GC invocations=202 (full 7):
 PSYoungGen      total 53760K, used 3313K [0x00000007bc400000, 0x00000007c0000000, 0x00000007c0000000)
  eden space 46592K, 0% used [0x00000007bc400000,0x00000007bc400000,0x00000007bf180000)
  from space 7168K, 46% used [0x00000007bf180000,0x00000007bf4bc668,0x00000007bf880000)
  to   space 7168K, 0% used [0x00000007bf900000,0x00000007bf900000,0x00000007c0000000)
 ParOldGen       total 115200K, used 54575K [0x0000000700000000, 0x0000000707080000, 0x00000007bc400000)
  object space 115200K, 47% used [0x0000000700000000,0x000000070354be88,0x0000000707080000)
 Metaspace       used 56912K, capacity 57265K, committed 57984K, reserved 1099776K
  class space    used 7892K, capacity 7979K, committed 8064K, reserved 1048576K
}

