# JRE version: Java(TM) SE Runtime Environment (8.0_25-b18) (build 1.8.0_25-b18)
# Java VM: Java HotSpot(TM) 64-Bit Server VM (25.25-b02 mixed mode windows-amd64 compressed oops)
Heap:
 PSYoungGen      total 56320K, used 34282K [0x00000007bc400000, 0x00000007c0000000, 0x00000007c0000000)
  eden space 51200K, 56% used [0x00000007bc400000,0x00000007be07ba70,0x00000007bf600000)
  from space 5120K, 99% used [0x00000007bf600000,0x00000007bfafef20,0x00000007bfb00000)
  to   space 5120K, 0% used [0x00000007bfb00000,0x00000007bfb00000,0x00000007c0000000)
 ParOldGen       total 117248K, used 50447K [0x0000000700000000, 0x0000000707280000, 0x00000007bc400000)
  object space 117248K, 43% used [0x0000000700000000,0x0000000703143e08,0x0000000707280000)
 Metaspace       used 57144K, capacity 57513K, committed 58112K, reserved 1099776K
  class space    used 8077K, capacity 8171K, committed 8192K, reserved 1048576K
GC Heap History (10 events):
Event: 4298.692 GC heap before
{Heap before GC invocations=154 (full 7):
 PSYoungGen      total 57344K, used 56180K [0x00000007bc400000, 0x00000007c0000000, 0x00000007c0000000)
  eden space 53248K, 100% used [0x00000007bc400000,0x00000007bf800000,0x00000007bf800000)
  from space 4096K, 71% used [0x00000007bfc00000,0x00000007bfedd3d8,0x00000007c0000000)
  to   space 4096K, 0% used [0x00000007bf800000,0x00000007bf800000,0x00000007bfc00000)
 ParOldGen       total 117248K, used 48626K [0x0000000700000000, 0x0000000707280000, 0x00000007bc400000)
  object space 117248K, 41% used [0x0000000700000000,0x0000000702f7cb48,0x0000000707280000)
 Metaspace       used 56994K, capacity 57321K, committed 57856K, reserved 1099776K
  class space    used 8076K, capacity 8171K, committed 8192K, reserved 1048576K
Event: 4298.701 GC heap after
Heap after GC invocations=154 (full 7):
 PSYoungGen      total 57344K, used 2997K [0x00000007bc400000, 0x00000007c0000000, 0x00000007c0000000)
  eden space 53248K, 0% used [0x00000007bc400000,0x00000007bc400000,0x00000007bf800000)
  from space 4096K, 73% used [0x00000007bf800000,0x00000007bfaed468,0x00000007bfc00000)
  to   space 4096K, 0% used [0x00000007bfc00000,0x00000007bfc00000,0x00000007c0000000)
 ParOldGen       total 117248K, used 48770K [0x0000000700000000, 0x0000000707280000, 0x00000007bc400000)
  object space 117248K, 41% used [0x0000000700000000,0x0000000702fa0b48,0x0000000707280000)
 Metaspace       used 56994K, capacity 57321K, committed 57856K, reserved 1099776K
  class space    used 8076K, capacity 8171K, committed 8192K, reserved 1048576K
}
Event: 4318.895 GC heap before
{Heap before GC invocations=155 (full 7):
 PSYoungGen      total 57344K, used 56245K [0x00000007bc400000, 0x00000007c0000000, 0x00000007c0000000)
  eden space 53248K, 100% used [0x00000007bc400000,0x00000007bf800000,0x00000007bf800000)
  from space 4096K, 73% used [0x00000007bf800000,0x00000007bfaed468,0x00000007bfc00000)
  to   space 4096K, 0% used [0x00000007bfc00000,0x00000007bfc00000,0x00000007c0000000)
 ParOldGen       total 117248K, used 48791K [0x0000000700000000, 0x0000000707280000, 0x00000007bc400000)
  object space 117248K, 41% used [0x0000000700000000,0x0000000702fa5e08,0x0000000707280000)
 Metaspace       used 57048K, capacity 57449K, committed 58112K, reserved 1099776K
  class space    used 8076K, capacity 8171K, committed 8192K, reserved 1048576K
Event: 4318.902 GC heap after
Heap after GC invocations=155 (full 7):
 PSYoungGen      total 57344K, used 4052K [0x00000007bc400000, 0x00000007c0000000, 0x00000007c0000000)
  eden space 53248K, 0% used [0x00000007bc400000,0x00000007bc400000,0x00000007bf800000)
  from space 4096K, 98% used [0x00000007bfc00000,0x00000007bfff50b0,0x00000007c0000000)
  to   space 4096K, 0% used [0x00000007bf800000,0x00000007bf800000,0x00000007bfc00000)
 ParOldGen       total 117248K, used 48959K [0x0000000700000000, 0x0000000707280000, 0x00000007bc400000)
  object space 117248K, 41% used [0x0000000700000000,0x0000000702fcfe08,0x0000000707280000)
 Metaspace       used 57048K, capacity 57449K, committed 58112K, reserved 1099776K
  class space    used 8076K, capacity 8171K, committed 8192K, reserved 1048576K
}
Event: 4343.284 GC heap before
{Heap before GC invocations=156 (full 7):
 PSYoungGen      total 57344K, used 57300K [0x00000007bc400000, 0x00000007c0000000, 0x00000007c0000000)
  eden space 53248K, 100% used [0x00000007bc400000,0x00000007bf800000,0x00000007bf800000)
  from space 4096K, 98% used [0x00000007bfc00000,0x00000007bfff50b0,0x00000007c0000000)
  to   space 4096K, 0% used [0x00000007bf800000,0x00000007bf800000,0x00000007bfc00000)
 ParOldGen       total 117248K, used 48959K [0x0000000700000000, 0x0000000707280000, 0x00000007bc400000)
  object space 117248K, 41% used [0x0000000700000000,0x0000000702fcfe08,0x0000000707280000)
 Metaspace       used 57066K, capacity 57449K, committed 58112K, reserved 1099776K
  class space    used 8077K, capacity 8171K, committed 8192K, reserved 1048576K
Event: 4343.289 GC heap after
Heap after GC invocations=156 (full 7):
 PSYoungGen      total 57344K, used 4073K [0x00000007bc400000, 0x00000007c0000000, 0x00000007c0000000)
  eden space 53248K, 0% used [0x00000007bc400000,0x00000007bc400000,0x00000007bf800000)
  from space 4096K, 99% used [0x00000007bf800000,0x00000007bfbfa7a8,0x00000007bfc00000)
  to   space 4096K, 0% used [0x00000007bfc00000,0x00000007bfc00000,0x00000007c0000000)
 ParOldGen       total 117248K, used 49551K [0x0000000700000000, 0x0000000707280000, 0x00000007bc400000)
  object space 117248K, 42% used [0x0000000700000000,0x0000000703063e08,0x0000000707280000)
 Metaspace       used 57066K, capacity 57449K, committed 58112K, reserved 1099776K
  class space    used 8077K, capacity 8171K, committed 8192K, reserved 1048576K
}
Event: 4379.676 GC heap before
{Heap before GC invocations=157 (full 7):
 PSYoungGen      total 57344K, used 57321K [0x00000007bc400000, 0x00000007c0000000, 0x00000007c0000000)
  eden space 53248K, 100% used [0x00000007bc400000,0x00000007bf800000,0x00000007bf800000)
  from space 4096K, 99% used [0x00000007bf800000,0x00000007bfbfa7a8,0x00000007bfc00000)
  to   space 4096K, 0% used [0x00000007bfc00000,0x00000007bfc00000,0x00000007c0000000)
 ParOldGen       total 117248K, used 49551K [0x0000000700000000, 0x0000000707280000, 0x00000007bc400000)
  object space 117248K, 42% used [0x0000000700000000,0x0000000703063e08,0x0000000707280000)
 Metaspace       used 57073K, capacity 57449K, committed 58112K, reserved 1099776K
  class space    used 8077K, capacity 8171K, committed 8192K, reserved 1048576K
Event: 4379.682 GC heap after
Heap after GC invocations=157 (full 7):
 PSYoungGen      total 55296K, used 4088K [0x00000007bc400000, 0x00000007c0000000, 0x00000007c0000000)
  eden space 51200K, 0% used [0x00000007bc400000,0x00000007bc400000,0x00000007bf600000)
  from space 4096K, 99% used [0x00000007bfc00000,0x00000007bfffe190,0x00000007c0000000)
  to   space 5120K, 0% used [0x00000007bf600000,0x00000007bf600000,0x00000007bfb00000)
 ParOldGen       total 117248K, used 50207K [0x0000000700000000, 0x0000000707280000, 0x00000007bc400000)
  object space 117248K, 42% used [0x0000000700000000,0x0000000703107e08,0x0000000707280000)
 Metaspace       used 57073K, capacity 57449K, committed 58112K, reserved 1099776K
  class space    used 8077K, capacity 8171K, committed 8192K, reserved 1048576K
}
Event: 4410.456 GC heap before
{Heap before GC invocations=158 (full 7):
 PSYoungGen      total 55296K, used 55288K [0x00000007bc400000, 0x00000007c0000000, 0x00000007c0000000)
  eden space 51200K, 100% used [0x00000007bc400000,0x00000007bf600000,0x00000007bf600000)
  from space 4096K, 99% used [0x00000007bfc00000,0x00000007bfffe190,0x00000007c0000000)
  to   space 5120K, 0% used [0x00000007bf600000,0x00000007bf600000,0x00000007bfb00000)
 ParOldGen       total 117248K, used 50207K [0x0000000700000000, 0x0000000707280000, 0x00000007bc400000)
  object space 117248K, 42% used [0x0000000700000000,0x0000000703107e08,0x0000000707280000)
 Metaspace       used 57130K, capacity 57513K, committed 58112K, reserved 1099776K
  class space    used 8077K, capacity 8171K, committed 8192K, reserved 1048576K
Event: 4410.461 GC heap after
Heap after GC invocations=158 (full 7):
 PSYoungGen      total 56320K, used 5115K [0x00000007bc400000, 0x00000007c0000000, 0x00000007c0000000)
  eden space 51200K, 0% used [0x00000007bc400000,0x00000007bc400000,0x00000007bf600000)
  from space 5120K, 99% used [0x00000007bf600000,0x00000007bfafef20,0x00000007bfb00000)
  to   space 5120K, 0% used [0x00000007bfb00000,0x00000007bfb00000,0x00000007c0000000)
 ParOldGen       total 117248K, used 50447K [0x0000000700000000, 0x0000000707280000, 0x00000007bc400000)
  object space 117248K, 43% used [0x0000000700000000,0x0000000703143e08,0x0000000707280000)
 Metaspace       used 57130K, capacity 57513K, committed 58112K, reserved 1099776K
  class space    used 8077K, capacity 8171K, committed 8192K, reserved 1048576K
}

